<?xml version="1.0" encoding="UTF-8"?>
<testsuite name="Add To Cart #2" tests="6" skipped="1" failures="2" errors="0" timestamp="2022-07-23T02:23:31" hostname="Nabilahs-MacBook-Pro.local" time="1.0">
  <properties/>
  <testcase name="user input &quot;standard_user&quot; and &quot;secret_sauce&quot;" classname="Add To Cart #2" time="0.424"/>
  <testcase name="user click login button" classname="Add To Cart #2" time="0.254"/>
  <testcase name="user success login" classname="Add To Cart #2" time="0.123"/>
  <testcase name="user click add to cart" classname="Add To Cart #2" time="0.006">
    <failure message="io.cucumber.junit.UndefinedStepException: The step 'user click add to cart' is undefined.&#10;You can implement this step using the snippet(s) below:&#10;&#10;@Given(&quot;user click add to cart&quot;)&#10;public void user_click_add_to_cart() {&#10;    // Write code here that turns the phrase above into concrete actions&#10;    throw new io.cucumber.java.PendingException();&#10;}&#10;" type="io.cucumber.junit.UndefinedStepException">io.cucumber.junit.UndefinedStepException: The step 'user click add to cart' is undefined.
You can implement this step using the snippet(s) below:

@Given(&quot;user click add to cart&quot;)
public void user_click_add_to_cart() {
    // Write code here that turns the phrase above into concrete actions
    throw new io.cucumber.java.PendingException();
}

</failure>
  </testcase>
  <testcase name="user can see the shopping cart added" classname="Add To Cart #2" time="0.003">
    <skipped/>
  </testcase>
  <testcase name="classMethod" classname="Add To Cart #2" time="3.814">
    <failure message="io.cucumber.junit.UndefinedStepException: The step 'user click add to cart' is undefined.&#10;You can implement this step using the snippet(s) below:&#10;&#10;@Given(&quot;user click add to cart&quot;)&#10;public void user_click_add_to_cart() {&#10;    // Write code here that turns the phrase above into concrete actions&#10;    throw new io.cucumber.java.PendingException();&#10;}&#10;" type="io.cucumber.junit.UndefinedStepException">io.cucumber.junit.UndefinedStepException: The step 'user click add to cart' is undefined.
You can implement this step using the snippet(s) below:

@Given(&quot;user click add to cart&quot;)
public void user_click_add_to_cart() {
    // Write code here that turns the phrase above into concrete actions
    throw new io.cucumber.java.PendingException();
}

</failure>
  </testcase>
  <system-out><![CDATA[
@Web @AddToCart2
Scenario: Add To Cart                                 ?[90m# src/test/resources/features/BackgroundScenario.feature:15?[0m
]]></system-out>
  <system-err><![CDATA[Starting ChromeDriver 103.0.5060.53 (a1711811edd74ff1cf2150f36ffa3b0dae40b17f-refs/branch-heads/5060@{#853}) on port 3028
Only local connections are allowed.
Please see https://chromedriver.chromium.org/security-considerations for suggestions on keeping ChromeDriver safe.
ChromeDriver was started successfully.
Jul 23, 2022 9:23:30 AM org.openqa.selenium.remote.ProtocolHandshake createSession
INFO: Detected dialect: W3C
]]></system-err>
</testsuite>
